[ERROR] 2022-06-21 00:10:13 [parse_detail] 'list' object has no attribute 'replace' D:\Projects\zyl_company\spiders\product_detail.py:2622
[ERROR] 2022-06-21 00:10:13 [product_detail] 'NoneType' object has no attribute 'get' D:\Projects\zyl_company\main.py:104
[ERROR] 2022-06-21 00:10:14 [parse_detail] 'list' object has no attribute 'replace' D:\Projects\zyl_company\spiders\product_detail.py:2622
[ERROR] 2022-06-21 00:10:14 [product_detail] 'NoneType' object has no attribute 'get' D:\Projects\zyl_company\main.py:104
[ERROR] 2022-06-21 00:10:14 [parse_detail] 'list' object has no attribute 'replace' D:\Projects\zyl_company\spiders\product_detail.py:2622
[ERROR] 2022-06-21 00:10:14 [product_detail] 'NoneType' object has no attribute 'get' D:\Projects\zyl_company\main.py:104
[ERROR] 2022-06-21 00:10:17 [parse_detail] 'list' object has no attribute 'replace' D:\Projects\zyl_company\spiders\product_detail.py:2622
[ERROR] 2022-06-21 00:10:17 [product_detail] 'NoneType' object has no attribute 'get' D:\Projects\zyl_company\main.py:104
[ERROR] 2022-06-21 00:10:17 [parse_detail] 'list' object has no attribute 'replace' D:\Projects\zyl_company\spiders\product_detail.py:2622
[ERROR] 2022-06-21 00:10:17 [product_detail] 'NoneType' object has no attribute 'get' D:\Projects\zyl_company\main.py:104
[ERROR] 2022-06-21 00:10:18 [parse_detail] 'list' object has no attribute 'replace' D:\Projects\zyl_company\spiders\product_detail.py:2622
[ERROR] 2022-06-21 00:10:18 [product_detail] 'NoneType' object has no attribute 'get' D:\Projects\zyl_company\main.py:104
[ERROR] 2022-06-21 00:10:20 [parse_detail] 'list' object has no attribute 'replace' D:\Projects\zyl_company\spiders\product_detail.py:2622
[ERROR] 2022-06-21 00:10:20 [product_detail] 'NoneType' object has no attribute 'get' D:\Projects\zyl_company\main.py:104
[ERROR] 2022-06-21 00:10:23 [parse_detail] 'list' object has no attribute 'replace' D:\Projects\zyl_company\spiders\product_detail.py:2622
[ERROR] 2022-06-21 00:10:23 [product_detail] 'NoneType' object has no attribute 'get' D:\Projects\zyl_company\main.py:104
[ERROR] 2022-06-21 00:10:23 [parse_detail] 'list' object has no attribute 'replace' D:\Projects\zyl_company\spiders\product_detail.py:2622
[ERROR] 2022-06-21 00:10:23 [product_detail] 'NoneType' object has no attribute 'get' D:\Projects\zyl_company\main.py:104
[ERROR] 2022-06-21 00:11:02 [parse_detail] 'list' object has no attribute 'replace' D:\Projects\zyl_company\spiders\product_detail.py:2622
[ERROR] 2022-06-21 00:11:02 [product_detail] 'NoneType' object has no attribute 'get' D:\Projects\zyl_company\main.py:104
[ERROR] 2022-06-21 00:11:03 [parse_detail] 'list' object has no attribute 'replace' D:\Projects\zyl_company\spiders\product_detail.py:2622
[ERROR] 2022-06-21 00:11:03 [product_detail] 'NoneType' object has no attribute 'get' D:\Projects\zyl_company\main.py:104
[ERROR] 2022-06-21 00:11:03 [parse_detail] 'list' object has no attribute 'replace' D:\Projects\zyl_company\spiders\product_detail.py:2622
[ERROR] 2022-06-21 00:11:03 [product_detail] 'NoneType' object has no attribute 'get' D:\Projects\zyl_company\main.py:104
[ERROR] 2022-06-21 00:11:06 [parse_detail] 'list' object has no attribute 'replace' D:\Projects\zyl_company\spiders\product_detail.py:2622
[ERROR] 2022-06-21 00:11:06 [product_detail] 'NoneType' object has no attribute 'get' D:\Projects\zyl_company\main.py:104
[ERROR] 2022-06-21 00:11:06 [parse_detail] 'list' object has no attribute 'replace' D:\Projects\zyl_company\spiders\product_detail.py:2622
[ERROR] 2022-06-21 00:11:06 [product_detail] 'NoneType' object has no attribute 'get' D:\Projects\zyl_company\main.py:104
[ERROR] 2022-06-21 00:11:07 [parse_detail] 'list' object has no attribute 'replace' D:\Projects\zyl_company\spiders\product_detail.py:2622
[ERROR] 2022-06-21 00:11:07 [product_detail] 'NoneType' object has no attribute 'get' D:\Projects\zyl_company\main.py:104
[ERROR] 2022-06-21 00:11:09 [parse_detail] 'list' object has no attribute 'replace' D:\Projects\zyl_company\spiders\product_detail.py:2622
[ERROR] 2022-06-21 00:11:09 [product_detail] 'NoneType' object has no attribute 'get' D:\Projects\zyl_company\main.py:104
[ERROR] 2022-06-21 00:11:11 [parse_detail] 'list' object has no attribute 'replace' D:\Projects\zyl_company\spiders\product_detail.py:2622
[ERROR] 2022-06-21 00:11:11 [product_detail] 'NoneType' object has no attribute 'get' D:\Projects\zyl_company\main.py:104
[ERROR] 2022-06-21 00:11:11 [parse_detail] 'list' object has no attribute 'replace' D:\Projects\zyl_company\spiders\product_detail.py:2622
[ERROR] 2022-06-21 00:11:11 [product_detail] 'NoneType' object has no attribute 'get' D:\Projects\zyl_company\main.py:104
[ERROR] 2022-06-21 00:14:16 [parse_detail] 'list' object has no attribute 'replace' D:\Projects\zyl_company\spiders\product_detail.py:2622
[ERROR] 2022-06-21 00:14:16 [product_detail] 'NoneType' object has no attribute 'get' D:\Projects\zyl_company\main.py:104
[ERROR] 2022-06-21 00:14:18 [parse_detail] 'list' object has no attribute 'replace' D:\Projects\zyl_company\spiders\product_detail.py:2622
[ERROR] 2022-06-21 00:14:18 [product_detail] 'NoneType' object has no attribute 'get' D:\Projects\zyl_company\main.py:104
[ERROR] 2022-06-21 00:14:18 [parse_detail] 'list' object has no attribute 'replace' D:\Projects\zyl_company\spiders\product_detail.py:2622
[ERROR] 2022-06-21 00:14:18 [product_detail] 'NoneType' object has no attribute 'get' D:\Projects\zyl_company\main.py:104
[ERROR] 2022-06-21 00:14:20 [parse_detail] 'list' object has no attribute 'replace' D:\Projects\zyl_company\spiders\product_detail.py:2622
[ERROR] 2022-06-21 00:14:20 [product_detail] 'NoneType' object has no attribute 'get' D:\Projects\zyl_company\main.py:104
[ERROR] 2022-06-21 00:14:21 [parse_detail] 'list' object has no attribute 'replace' D:\Projects\zyl_company\spiders\product_detail.py:2622
[ERROR] 2022-06-21 00:14:21 [product_detail] 'NoneType' object has no attribute 'get' D:\Projects\zyl_company\main.py:104
[ERROR] 2022-06-21 00:14:22 [parse_detail] 'list' object has no attribute 'replace' D:\Projects\zyl_company\spiders\product_detail.py:2622
[ERROR] 2022-06-21 00:14:22 [product_detail] 'NoneType' object has no attribute 'get' D:\Projects\zyl_company\main.py:104
[ERROR] 2022-06-21 00:14:24 [parse_detail] 'list' object has no attribute 'replace' D:\Projects\zyl_company\spiders\product_detail.py:2622
[ERROR] 2022-06-21 00:14:24 [product_detail] 'NoneType' object has no attribute 'get' D:\Projects\zyl_company\main.py:104
[ERROR] 2022-06-21 00:14:26 [parse_detail] 'list' object has no attribute 'replace' D:\Projects\zyl_company\spiders\product_detail.py:2622
[ERROR] 2022-06-21 00:14:26 [product_detail] 'NoneType' object has no attribute 'get' D:\Projects\zyl_company\main.py:104
[ERROR] 2022-06-21 00:14:26 [parse_detail] 'list' object has no attribute 'replace' D:\Projects\zyl_company\spiders\product_detail.py:2622
[ERROR] 2022-06-21 00:14:26 [product_detail] 'NoneType' object has no attribute 'get' D:\Projects\zyl_company\main.py:104
[ERROR] 2022-06-21 00:15:51 [parse_detail] 'list' object has no attribute 'replace' D:\Projects\zyl_company\spiders\product_detail.py:2622
[ERROR] 2022-06-21 00:15:51 [product_detail] 'NoneType' object has no attribute 'get' D:\Projects\zyl_company\main.py:104
[ERROR] 2022-06-21 00:18:52 [parse_detail] 'list' object has no attribute 'replace' D:\Projects\zyl_company\spiders\product_detail.py:2623
[ERROR] 2022-06-21 00:18:52 [product_detail] 'NoneType' object has no attribute 'get' D:\Projects\zyl_company\main.py:104
[ERROR] 2022-06-21 00:22:46 [parse_detail] 'list' object has no attribute 'replace' D:\Projects\zyl_company\spiders\product_detail.py:2624
[ERROR] 2022-06-21 00:22:46 [product_detail] 'NoneType' object has no attribute 'get' D:\Projects\zyl_company\main.py:104
[ERROR] 2022-06-21 01:08:19 [DownloadPicture_Video] HTTPConnectionPool(host='27.150.182.135', port=8855): Read timed out. (read timeout=60) D:\Projects\zyl_company\spiders\download.py:99
[ERROR] 2022-06-21 01:08:19 [DownloadPicture_Video] http://27.150.182.135:8855/api/common/upload?composeId=0&type=3&isNameReal=0 D:\Projects\zyl_company\spiders\download.py:100
[ERROR] 2022-06-21 01:10:35 [parse_detail] 'NoneType' object has no attribute 'replace' D:\Projects\zyl_company\spiders\product_detail.py:3224
[ERROR] 2022-06-21 01:10:35 [product_detail] 'NoneType' object has no attribute 'get' D:\Projects\zyl_company\main.py:104
